  algorithms.cpp
C:\Users\pc\Desktop\c_code-main\GCD, LCM Implemented\mod\data.h(9,8): error C3646: 'get_queue': 알 수 없는 재정의 지정자입니다.
  (소스 파일 'algorithms.cpp'을(를) 컴파일하는 중)
  
C:\Users\pc\Desktop\c_code-main\GCD, LCM Implemented\mod\data.h(9,17): error C2059: 구문 오류: '('
  (소스 파일 'algorithms.cpp'을(를) 컴파일하는 중)
  
C:\Users\pc\Desktop\c_code-main\GCD, LCM Implemented\mod\data.h(9,25): error C2238: ';' 앞에 예기치 않은 토큰이 있습니다.
  (소스 파일 'algorithms.cpp'을(를) 컴파일하는 중)
  
C:\Users\pc\Desktop\c_code-main\GCD, LCM Implemented\mod\algorithms.cpp(8,17): error C2248: 'Data::QUEUE': private 멤버('Data' 클래스에서 선언)에 액세스할 수 없습니다.
  C:\Users\pc\Desktop\c_code-main\GCD, LCM Implemented\mod\data.h(5,13):
  'Data::QUEUE' 선언을 참조하십시오.
  C:\Users\pc\Desktop\c_code-main\GCD, LCM Implemented\mod\data.h(3,7):
  'Data' 선언을 참조하십시오.
  
C:\Users\pc\Desktop\c_code-main\GCD, LCM Implemented\mod\algorithms.cpp(8,11): warning C4267: '초기화 중': 'size_t'에서 'int'(으)로 변환하면서 데이터가 손실될 수 있습니다.
  app.cpp
C:\Users\pc\Desktop\c_code-main\GCD, LCM Implemented\mod\data.h(9,8): error C3646: 'get_queue': 알 수 없는 재정의 지정자입니다.
  (소스 파일 'app.cpp'을(를) 컴파일하는 중)
  
C:\Users\pc\Desktop\c_code-main\GCD, LCM Implemented\mod\data.h(9,17): error C2059: 구문 오류: '('
  (소스 파일 'app.cpp'을(를) 컴파일하는 중)
  
C:\Users\pc\Desktop\c_code-main\GCD, LCM Implemented\mod\data.h(9,25): error C2238: ';' 앞에 예기치 않은 토큰이 있습니다.
  (소스 파일 'app.cpp'을(를) 컴파일하는 중)
  
  control.cpp
C:\Users\pc\Desktop\c_code-main\GCD, LCM Implemented\mod\data.h(9,8): error C3646: 'get_queue': 알 수 없는 재정의 지정자입니다.
  (소스 파일 'control.cpp'을(를) 컴파일하는 중)
  
C:\Users\pc\Desktop\c_code-main\GCD, LCM Implemented\mod\data.h(9,17): error C2059: 구문 오류: '('
  (소스 파일 'control.cpp'을(를) 컴파일하는 중)
  
C:\Users\pc\Desktop\c_code-main\GCD, LCM Implemented\mod\data.h(9,25): error C2238: ';' 앞에 예기치 않은 토큰이 있습니다.
  (소스 파일 'control.cpp'을(를) 컴파일하는 중)
  
  data.cpp
C:\Users\pc\Desktop\c_code-main\GCD, LCM Implemented\mod\data.h(9,8): error C3646: 'get_queue': 알 수 없는 재정의 지정자입니다.
  (소스 파일 'data.cpp'을(를) 컴파일하는 중)
  
C:\Users\pc\Desktop\c_code-main\GCD, LCM Implemented\mod\data.h(9,17): error C2059: 구문 오류: '('
  (소스 파일 'data.cpp'을(를) 컴파일하는 중)
  
C:\Users\pc\Desktop\c_code-main\GCD, LCM Implemented\mod\data.h(9,25): error C2238: ';' 앞에 예기치 않은 토큰이 있습니다.
  (소스 파일 'data.cpp'을(를) 컴파일하는 중)
  
C:\Users\pc\Desktop\c_code-main\GCD, LCM Implemented\mod\data.cpp(24,13): error C2039: 'get_queue': 'Data'의 멤버가 아닙니다.
  C:\Users\pc\Desktop\c_code-main\GCD, LCM Implemented\mod\data.h(3,7):
  'Data' 선언을 참조하십시오.
  
C:\Users\pc\Desktop\c_code-main\GCD, LCM Implemented\mod\data.cpp(24,22): error C4430: 형식 지정자가 없습니다. int로 가정합니다. 참고: C++에서는 기본 int를 지원하지 않습니다.
C:\Users\pc\Desktop\c_code-main\GCD, LCM Implemented\mod\data.cpp(24,13): error C2146: 구문 오류: ';'이(가) 'get_queue' 식별자 앞에 없습니다.
C:\Users\pc\Desktop\c_code-main\GCD, LCM Implemented\mod\data.cpp(25,1): error C2143: 구문 오류: ';'이(가) '{' 앞에 없습니다.
C:\Users\pc\Desktop\c_code-main\GCD, LCM Implemented\mod\data.cpp(25,1): error C2447: '{': 함수 헤더가 없습니다. 이전 스타일의 형식 목록입니까?
  stack.cpp
/stack.cpp(1,1): error C1083: 소스 파일을 열 수 없습니다. 'stack.cpp': No such file or directory
  (소스 파일 '/stack.cpp'을(를) 컴파일하는 중)
  
  GCD.cpp
C:\Users\pc\Desktop\c_code-main\GCD, LCM Implemented\mod\data.h(9,8): error C3646: 'get_queue': 알 수 없는 재정의 지정자입니다.
  (소스 파일 'GCD.cpp'을(를) 컴파일하는 중)
  
C:\Users\pc\Desktop\c_code-main\GCD, LCM Implemented\mod\data.h(9,17): error C2059: 구문 오류: '('
  (소스 파일 'GCD.cpp'을(를) 컴파일하는 중)
  
C:\Users\pc\Desktop\c_code-main\GCD, LCM Implemented\mod\data.h(9,25): error C2238: ';' 앞에 예기치 않은 토큰이 있습니다.
  (소스 파일 'GCD.cpp'을(를) 컴파일하는 중)
  
  LCM.cpp
C:\Users\pc\Desktop\c_code-main\GCD, LCM Implemented\mod\data.h(9,8): error C3646: 'get_queue': 알 수 없는 재정의 지정자입니다.
  (소스 파일 'LCM.cpp'을(를) 컴파일하는 중)
  
C:\Users\pc\Desktop\c_code-main\GCD, LCM Implemented\mod\data.h(9,17): error C2059: 구문 오류: '('
  (소스 파일 'LCM.cpp'을(를) 컴파일하는 중)
  
C:\Users\pc\Desktop\c_code-main\GCD, LCM Implemented\mod\data.h(9,25): error C2238: ';' 앞에 예기치 않은 토큰이 있습니다.
  (소스 파일 'LCM.cpp'을(를) 컴파일하는 중)
  
  mod.cpp
C:\Users\pc\Desktop\c_code-main\GCD, LCM Implemented\mod\data.h(9,8): error C3646: 'get_queue': 알 수 없는 재정의 지정자입니다.
  (소스 파일 'mod.cpp'을(를) 컴파일하는 중)
  
C:\Users\pc\Desktop\c_code-main\GCD, LCM Implemented\mod\data.h(9,17): error C2059: 구문 오류: '('
  (소스 파일 'mod.cpp'을(를) 컴파일하는 중)
  
C:\Users\pc\Desktop\c_code-main\GCD, LCM Implemented\mod\data.h(9,25): error C2238: ';' 앞에 예기치 않은 토큰이 있습니다.
  (소스 파일 'mod.cpp'을(를) 컴파일하는 중)
  
  코드를 생성하고 있습니다...
